11-18 12:07:29 com_github_MitjaNemec_PlaceFootprints.action_place_footprints 674:Plugin executed on: 'linux'
11-18 12:07:29 com_github_MitjaNemec_PlaceFootprints.action_place_footprints 675:Plugin executed with python version: '3.12.3 (main, Jun 18 2025, 17:59:45) [GCC 13.3.0]'
11-18 12:07:29 com_github_MitjaNemec_PlaceFootprints.action_place_footprints 676:KiCad build version: 9.0.6
11-18 12:07:29 com_github_MitjaNemec_PlaceFootprints.action_place_footprints 677:Plugin version: 4.0.1
11-18 12:07:29 com_github_MitjaNemec_PlaceFootprints.action_place_footprints 678:Frame repr: <wx._core.Frame object at 0x748b9194b6e0>
11-18 12:07:29 com_github_MitjaNemec_PlaceFootprints.place_footprints 121:getting a list of all footprints on board
11-18 12:07:29 com_github_MitjaNemec_PlaceFootprints.place_footprints 156:Footprint R42 on root level
11-18 12:07:29 com_github_MitjaNemec_PlaceFootprints.place_footprints 156:Footprint D23 on root level
11-18 12:07:29 com_github_MitjaNemec_PlaceFootprints.place_footprints 156:Footprint D22 on root level
11-18 12:07:29 com_github_MitjaNemec_PlaceFootprints.place_footprints 156:Footprint D21 on root level
11-18 12:07:29 com_github_MitjaNemec_PlaceFootprints.place_footprints 156:Footprint D20 on root level
11-18 12:07:29 com_github_MitjaNemec_PlaceFootprints.place_footprints 156:Footprint D19 on root level
11-18 12:07:29 com_github_MitjaNemec_PlaceFootprints.place_footprints 156:Footprint D18 on root level
11-18 12:07:29 com_github_MitjaNemec_PlaceFootprints.place_footprints 156:Footprint D17 on root level
11-18 12:07:29 com_github_MitjaNemec_PlaceFootprints.place_footprints 156:Footprint D16 on root level
11-18 12:07:29 com_github_MitjaNemec_PlaceFootprints.place_footprints 156:Footprint D15 on root level
11-18 12:07:29 com_github_MitjaNemec_PlaceFootprints.place_footprints 156:Footprint D14 on root level
11-18 12:07:29 com_github_MitjaNemec_PlaceFootprints.place_footprints 156:Footprint D13 on root level
11-18 12:07:29 com_github_MitjaNemec_PlaceFootprints.place_footprints 156:Footprint K11 on root level
11-18 12:07:29 com_github_MitjaNemec_PlaceFootprints.place_footprints 156:Footprint J2 on root level
11-18 12:07:29 com_github_MitjaNemec_PlaceFootprints.place_footprints 156:Footprint Q4 on root level
11-18 12:07:29 com_github_MitjaNemec_PlaceFootprints.place_footprints 156:Footprint Q7 on root level
11-18 12:07:29 com_github_MitjaNemec_PlaceFootprints.place_footprints 156:Footprint Q8 on root level
11-18 12:07:29 com_github_MitjaNemec_PlaceFootprints.place_footprints 156:Footprint Q10 on root level
11-18 12:07:29 com_github_MitjaNemec_PlaceFootprints.place_footprints 156:Footprint Q11 on root level
11-18 12:07:29 com_github_MitjaNemec_PlaceFootprints.place_footprints 156:Footprint Q14 on root level
11-18 12:07:29 com_github_MitjaNemec_PlaceFootprints.place_footprints 156:Footprint R34 on root level
11-18 12:07:29 com_github_MitjaNemec_PlaceFootprints.place_footprints 156:Footprint R36 on root level
11-18 12:07:29 com_github_MitjaNemec_PlaceFootprints.place_footprints 156:Footprint R37 on root level
11-18 12:07:29 com_github_MitjaNemec_PlaceFootprints.place_footprints 156:Footprint R41 on root level
11-18 12:07:29 com_github_MitjaNemec_PlaceFootprints.place_footprints 156:Footprint R44 on root level
11-18 12:07:29 com_github_MitjaNemec_PlaceFootprints.place_footprints 156:Footprint R45 on root level
11-18 12:07:29 com_github_MitjaNemec_PlaceFootprints.place_footprints 156:Footprint R46 on root level
11-18 12:07:29 com_github_MitjaNemec_PlaceFootprints.place_footprints 156:Footprint R47 on root level
11-18 12:07:29 com_github_MitjaNemec_PlaceFootprints.place_footprints 156:Footprint RV1 on root level
11-18 12:07:29 com_github_MitjaNemec_PlaceFootprints.place_footprints 156:Footprint SW1 on root level
11-18 12:07:29 com_github_MitjaNemec_PlaceFootprints.place_footprints 156:Footprint TP1 on root level
11-18 12:07:29 com_github_MitjaNemec_PlaceFootprints.place_footprints 156:Footprint TP2 on root level
11-18 12:07:29 com_github_MitjaNemec_PlaceFootprints.place_footprints 156:Footprint J1 on root level
11-18 12:07:29 com_github_MitjaNemec_PlaceFootprints.place_footprints 156:Footprint J3 on root level
11-18 12:07:29 com_github_MitjaNemec_PlaceFootprints.place_footprints 156:Footprint H2 on root level
11-18 12:07:29 com_github_MitjaNemec_PlaceFootprints.place_footprints 156:Footprint Q12 on root level
11-18 12:07:29 com_github_MitjaNemec_PlaceFootprints.place_footprints 156:Footprint J6 on root level
11-18 12:07:29 com_github_MitjaNemec_PlaceFootprints.place_footprints 156:Footprint Q13 on root level
11-18 12:07:29 com_github_MitjaNemec_PlaceFootprints.place_footprints 156:Footprint Q5 on root level
11-18 12:07:29 com_github_MitjaNemec_PlaceFootprints.place_footprints 156:Footprint R13 on root level
11-18 12:07:29 com_github_MitjaNemec_PlaceFootprints.place_footprints 156:Footprint R11 on root level
11-18 12:07:29 com_github_MitjaNemec_PlaceFootprints.place_footprints 156:Footprint R9 on root level
11-18 12:07:29 com_github_MitjaNemec_PlaceFootprints.place_footprints 156:Footprint R10 on root level
11-18 12:07:29 com_github_MitjaNemec_PlaceFootprints.place_footprints 156:Footprint R14 on root level
11-18 12:07:29 com_github_MitjaNemec_PlaceFootprints.place_footprints 156:Footprint R12 on root level
11-18 12:07:29 com_github_MitjaNemec_PlaceFootprints.place_footprints 156:Footprint R18 on root level
11-18 12:07:29 com_github_MitjaNemec_PlaceFootprints.place_footprints 156:Footprint R16 on root level
11-18 12:07:29 com_github_MitjaNemec_PlaceFootprints.place_footprints 156:Footprint R21 on root level
11-18 12:07:29 com_github_MitjaNemec_PlaceFootprints.place_footprints 156:Footprint R15 on root level
11-18 12:07:29 com_github_MitjaNemec_PlaceFootprints.place_footprints 156:Footprint R20 on root level
11-18 12:07:29 com_github_MitjaNemec_PlaceFootprints.place_footprints 156:Footprint R19 on root level
11-18 12:07:29 com_github_MitjaNemec_PlaceFootprints.place_footprints 156:Footprint J4 on root level
11-18 12:07:29 com_github_MitjaNemec_PlaceFootprints.place_footprints 156:Footprint Q6 on root level
11-18 12:07:29 com_github_MitjaNemec_PlaceFootprints.place_footprints 156:Footprint Q9 on root level
11-18 12:07:29 com_github_MitjaNemec_PlaceFootprints.place_footprints 156:Footprint R40 on root level
11-18 12:07:29 com_github_MitjaNemec_PlaceFootprints.place_footprints 156:Footprint R52 on root level
11-18 12:07:29 com_github_MitjaNemec_PlaceFootprints.place_footprints 156:Footprint R51 on root level
11-18 12:07:29 com_github_MitjaNemec_PlaceFootprints.place_footprints 156:Footprint R50 on root level
11-18 12:07:29 com_github_MitjaNemec_PlaceFootprints.place_footprints 156:Footprint R53 on root level
11-18 12:07:29 com_github_MitjaNemec_PlaceFootprints.place_footprints 156:Footprint R49 on root level
11-18 12:07:29 com_github_MitjaNemec_PlaceFootprints.place_footprints 156:Footprint R48 on root level
11-18 12:07:29 com_github_MitjaNemec_PlaceFootprints.place_footprints 156:Footprint R32 on root level
11-18 12:07:29 com_github_MitjaNemec_PlaceFootprints.place_footprints 156:Footprint R29 on root level
11-18 12:07:29 com_github_MitjaNemec_PlaceFootprints.place_footprints 156:Footprint R27 on root level
11-18 12:07:29 com_github_MitjaNemec_PlaceFootprints.place_footprints 156:Footprint R31 on root level
11-18 12:07:29 com_github_MitjaNemec_PlaceFootprints.place_footprints 156:Footprint R25 on root level
11-18 12:07:29 com_github_MitjaNemec_PlaceFootprints.place_footprints 156:Footprint R28 on root level
11-18 12:07:29 com_github_MitjaNemec_PlaceFootprints.place_footprints 156:Footprint R23 on root level
11-18 12:07:29 com_github_MitjaNemec_PlaceFootprints.place_footprints 156:Footprint R24 on root level
11-18 12:07:29 com_github_MitjaNemec_PlaceFootprints.place_footprints 156:Footprint R30 on root level
11-18 12:07:29 com_github_MitjaNemec_PlaceFootprints.place_footprints 156:Footprint R33 on root level
11-18 12:07:29 com_github_MitjaNemec_PlaceFootprints.place_footprints 156:Footprint R26 on root level
11-18 12:07:29 com_github_MitjaNemec_PlaceFootprints.place_footprints 156:Footprint R22 on root level
11-18 12:07:29 com_github_MitjaNemec_PlaceFootprints.place_footprints 156:Footprint R35 on root level
11-18 12:07:29 com_github_MitjaNemec_PlaceFootprints.place_footprints 156:Footprint J11 on root level
11-18 12:07:29 com_github_MitjaNemec_PlaceFootprints.place_footprints 156:Footprint J12 on root level
11-18 12:07:29 com_github_MitjaNemec_PlaceFootprints.place_footprints 156:Footprint R58 on root level
11-18 12:07:29 com_github_MitjaNemec_PlaceFootprints.place_footprints 156:Footprint F2 on root level
11-18 12:07:29 com_github_MitjaNemec_PlaceFootprints.place_footprints 156:Footprint C18 on root level
11-18 12:07:29 com_github_MitjaNemec_PlaceFootprints.place_footprints 156:Footprint R3 on root level
11-18 12:07:29 com_github_MitjaNemec_PlaceFootprints.place_footprints 156:Footprint F1 on root level
11-18 12:07:29 com_github_MitjaNemec_PlaceFootprints.place_footprints 156:Footprint R65 on root level
11-18 12:07:29 com_github_MitjaNemec_PlaceFootprints.place_footprints 156:Footprint D8 on root level
11-18 12:07:29 com_github_MitjaNemec_PlaceFootprints.place_footprints 156:Footprint C2 on root level
11-18 12:07:29 com_github_MitjaNemec_PlaceFootprints.place_footprints 156:Footprint D7 on root level
11-18 12:07:29 com_github_MitjaNemec_PlaceFootprints.place_footprints 156:Footprint R64 on root level
11-18 12:07:29 com_github_MitjaNemec_PlaceFootprints.place_footprints 156:Footprint R5 on root level
11-18 12:07:29 com_github_MitjaNemec_PlaceFootprints.place_footprints 156:Footprint C14 on root level
11-18 12:07:29 com_github_MitjaNemec_PlaceFootprints.place_footprints 156:Footprint R66 on root level
11-18 12:07:29 com_github_MitjaNemec_PlaceFootprints.place_footprints 156:Footprint K4 on root level
11-18 12:07:29 com_github_MitjaNemec_PlaceFootprints.place_footprints 156:Footprint J13 on root level
11-18 12:07:29 com_github_MitjaNemec_PlaceFootprints.place_footprints 156:Footprint D4 on root level
11-18 12:07:29 com_github_MitjaNemec_PlaceFootprints.place_footprints 156:Footprint R6 on root level
11-18 12:07:29 com_github_MitjaNemec_PlaceFootprints.place_footprints 156:Footprint K1 on root level
11-18 12:07:29 com_github_MitjaNemec_PlaceFootprints.place_footprints 156:Footprint R57 on root level
11-18 12:07:29 com_github_MitjaNemec_PlaceFootprints.place_footprints 156:Footprint R63 on root level
11-18 12:07:29 com_github_MitjaNemec_PlaceFootprints.place_footprints 156:Footprint U3 on root level
11-18 12:07:29 com_github_MitjaNemec_PlaceFootprints.place_footprints 156:Footprint D6 on root level
11-18 12:07:29 com_github_MitjaNemec_PlaceFootprints.place_footprints 156:Footprint C13 on root level
11-18 12:07:29 com_github_MitjaNemec_PlaceFootprints.place_footprints 156:Footprint R2 on root level
11-18 12:07:29 com_github_MitjaNemec_PlaceFootprints.place_footprints 156:Footprint K8 on root level
11-18 12:07:29 com_github_MitjaNemec_PlaceFootprints.place_footprints 156:Footprint C17 on root level
11-18 12:07:29 com_github_MitjaNemec_PlaceFootprints.place_footprints 156:Footprint C3 on root level
11-18 12:07:29 com_github_MitjaNemec_PlaceFootprints.place_footprints 156:Footprint K7 on root level
11-18 12:07:29 com_github_MitjaNemec_PlaceFootprints.place_footprints 156:Footprint D5 on root level
11-18 12:07:29 com_github_MitjaNemec_PlaceFootprints.place_footprints 156:Footprint C15 on root level
11-18 12:07:29 com_github_MitjaNemec_PlaceFootprints.place_footprints 156:Footprint D3 on root level
11-18 12:07:29 com_github_MitjaNemec_PlaceFootprints.place_footprints 156:Footprint L1 on root level
11-18 12:07:29 com_github_MitjaNemec_PlaceFootprints.place_footprints 156:Footprint K6 on root level
11-18 12:07:29 com_github_MitjaNemec_PlaceFootprints.place_footprints 156:Footprint R4 on root level
11-18 12:07:29 com_github_MitjaNemec_PlaceFootprints.place_footprints 156:Footprint C1 on root level
11-18 12:07:29 com_github_MitjaNemec_PlaceFootprints.place_footprints 156:Footprint R1 on root level
11-18 12:07:29 com_github_MitjaNemec_PlaceFootprints.place_footprints 156:Footprint K5 on root level
11-18 12:07:29 com_github_MitjaNemec_PlaceFootprints.place_footprints 156:Footprint K3 on root level
11-18 12:07:29 com_github_MitjaNemec_PlaceFootprints.place_footprints 156:Footprint K2 on root level
11-18 12:07:29 com_github_MitjaNemec_PlaceFootprints.place_footprints 156:Footprint K9 on root level
11-18 12:07:29 com_github_MitjaNemec_PlaceFootprints.place_footprints 156:Footprint R54 on root level
11-18 12:07:29 com_github_MitjaNemec_PlaceFootprints.place_footprints 156:Footprint D1 on root level
11-18 12:07:29 com_github_MitjaNemec_PlaceFootprints.place_footprints 156:Footprint D2 on root level
11-18 12:07:29 com_github_MitjaNemec_PlaceFootprints.place_footprints 156:Footprint Y1 on root level
11-18 12:07:29 com_github_MitjaNemec_PlaceFootprints.place_footprints 156:Footprint C12 on root level
11-18 12:07:29 com_github_MitjaNemec_PlaceFootprints.place_footprints 156:Footprint JP1 on root level
11-18 12:07:29 com_github_MitjaNemec_PlaceFootprints.place_footprints 156:Footprint R17 on root level
11-18 12:07:29 com_github_MitjaNemec_PlaceFootprints.place_footprints 156:Footprint J7 on root level
11-18 12:07:29 com_github_MitjaNemec_PlaceFootprints.place_footprints 156:Footprint C16 on root level
11-18 12:07:29 com_github_MitjaNemec_PlaceFootprints.place_footprints 156:Footprint R39 on root level
11-18 12:07:29 com_github_MitjaNemec_PlaceFootprints.place_footprints 156:Footprint K10 on root level
11-18 12:07:29 com_github_MitjaNemec_PlaceFootprints.place_footprints 156:Footprint R43 on root level
11-18 12:07:29 com_github_MitjaNemec_PlaceFootprints.place_footprints 156:Footprint R38 on root level
11-18 12:07:29 com_github_MitjaNemec_PlaceFootprints.action_place_footprints 717:Reference footprint='D1'
11-18 12:07:30 com_github_MitjaNemec_PlaceFootprints.action_place_footprints 858:Reference designator is: D
11-18 12:07:30 com_github_MitjaNemec_PlaceFootprints.action_place_footprints 859:Reference number is: 1
11-18 12:07:30 com_github_MitjaNemec_PlaceFootprints.action_place_footprints 891:Sorted and filtered list:
['D1', 'D2', 'D3', 'D4', 'D5', 'D6', 'D7', 'D8']
11-18 12:07:30 com_github_MitjaNemec_PlaceFootprints.action_place_footprints 376:wx.Colour(44, 44, 44, 255)
11-18 12:07:54 com_github_MitjaNemec_PlaceFootprints.action_place_footprints 507:'6.3'
11-18 12:07:54 com_github_MitjaNemec_PlaceFootprints.action_place_footprints 553:Preparing config for reference linear
11-18 12:07:54 com_github_MitjaNemec_PlaceFootprints.action_place_footprints 573:Saving config file
11-18 12:07:54 com_github_MitjaNemec_PlaceFootprints.action_place_footprints 575:Saved the config file
11-18 12:07:54 com_github_MitjaNemec_PlaceFootprints.action_place_footprints 929:Footprints to place:
['D1', 'D2', 'D5', 'D8']
11-18 12:07:54 com_github_MitjaNemec_PlaceFootprints.place_footprints 396:Starting placing with linear layout
11-18 12:07:54 com_github_MitjaNemec_PlaceFootprints.action_place_footprints 970:Placing complete
